
> frontend@0.1.0 dev
> next dev

▲ Next.js 16.1.0 (Turbopack)
- Local:         http://localhost:3000
- Network:       http://192.168.0.2:3000

✓ Starting...
✓ Ready in 1044ms
○ Compiling / ...
 GET / 200 in 6.6s (compile: 6.1s, render: 568ms)
 GET /ipo 200 in 1574ms (compile: 1443ms, render: 131ms)
 GET /ipo/1 200 in 1205ms (compile: 1093ms, render: 111ms)
 GET / 200 in 85ms (compile: 7ms, render: 77ms)
 GET /ipo 200 in 63ms (compile: 5ms, render: 58ms)
 GET /ipo/1 200 in 110ms (compile: 28ms, render: 82ms)
 GET / 200 in 878ms (compile: 187ms, render: 691ms)
 GET /ipo 200 in 110ms (compile: 16ms, render: 95ms)
 GET /ipo/1 200 in 383ms (compile: 271ms, render: 112ms)
 GET / 200 in 3.5s (compile: 2.6s, render: 931ms)
 GET /ipo 200 in 136ms (compile: 45ms, render: 91ms)
 GET /ipo/1 200 in 223ms (compile: 127ms, render: 96ms)
